14:24:08 [[32minfo[39m] [32mGemini: loaded 3 API key(s)[39m
14:24:13 [[32minfo[39m] [32mMongoDB connected: ac-io3o0tl-shard-00-01.pzkucdw.mongodb.net[39m
14:24:13 [[32minfo[39m] [32m[39m
[32m    ━━━━━━━━━━━━━━━━━━━━━━━━━━━━━━━━━━━━━━━━[39m
[32m      Melanin Scan API[39m
[32m      ENV  : undefined[39m
[32m      PORT : 8001[39m
[32m      DB   : mongodb+srv://tezzertech:1914@cluster0.pzkucdw.mongodb.net/melani[39m
[32m    ━━━━━━━━━━━━━━━━━━━━━━━━━━━━━━━━━━━━━━━━[39m
[32m    [39m
14:24:56 [[32minfo[39m] [32mSIGINT received — shutting down gracefully[39m
14:24:59 [[32minfo[39m] [32mGemini: loaded 3 API key(s)[39m
14:25:03 [[32minfo[39m] [32mMongoDB connected: ac-io3o0tl-shard-00-01.pzkucdw.mongodb.net[39m
14:25:03 [[32minfo[39m] [32m[39m
[32m    ━━━━━━━━━━━━━━━━━━━━━━━━━━━━━━━━━━━━━━━━[39m
[32m      Melanin Scan API[39m
[32m      ENV  : undefined[39m
[32m      PORT : 8001[39m
[32m      DB   : mongodb+srv://tezzertech:1914@cluster0.pzkucdw.mongodb.net/melani[39m
[32m    ━━━━━━━━━━━━━━━━━━━━━━━━━━━━━━━━━━━━━━━━[39m
[32m    [39m
